Using pre-set license
Built from '2020.3/staging' branch; Version is '2020.3.19f1 (68f137dc9bbe) revision 6877495'; Using compiler version '192528614'; Build Type 'Release'
OS: 'Windows 10 Pro; OS build 19043.1237; Version 2009; 64bit' Language: 'es' Physical Memory: 16342 MB
BatchMode: 1, IsHumanControllingUs: 0, StartBugReporterOnCrash: 0, Is64bit: 1, IsPro: 0

COMMAND LINE ARGUMENTS:
C:\Program Files\Unity\Hub\Editor\2020.3.19f1\Editor\Unity.exe
-adb2
-batchMode
-noUpm
-name
AssetImportWorker0
-projectPath
D:/Silvana_Alberdi_Frutos/SilvanaAlberdiFrutos_Tema01/Mi Primer Proyecto
-logFile
Logs/AssetImportWorker0.log
-srvPort
63703
Successfully changed project path to: D:/Silvana_Alberdi_Frutos/SilvanaAlberdiFrutos_Tema01/Mi Primer Proyecto
D:/Silvana_Alberdi_Frutos/SilvanaAlberdiFrutos_Tema01/Mi Primer Proyecto
Using Asset Import Pipeline V2.
Refreshing native plugins compatible for Editor in 28.01 ms, found 2 plugins.
Preloading 0 native plugins for Editor in 0.00 ms.
Initialize engine version: 2020.3.19f1 (68f137dc9bbe)
[Subsystems] Discovering subsystems at path C:/Program Files/Unity/Hub/Editor/2020.3.19f1/Editor/Data/Resources/UnitySubsystems
[Subsystems] Discovering subsystems at path D:/Silvana_Alberdi_Frutos/SilvanaAlberdiFrutos_Tema01/Mi Primer Proyecto/Assets
GfxDevice: creating device client; threaded=0
Direct3D:
    Version:  Direct3D 11.0 [level 11.1]
    Renderer: NVIDIA GeForce GTX 1050 Ti (ID=0x1c82)
    Vendor:   
    VRAM:     4018 MB
    Driver:   27.21.14.5671
Initialize mono
Mono path[0] = 'C:/Program Files/Unity/Hub/Editor/2020.3.19f1/Editor/Data/Managed'
Mono path[1] = 'C:/Program Files/Unity/Hub/Editor/2020.3.19f1/Editor/Data/MonoBleedingEdge/lib/mono/unityjit'
Mono config path = 'C:/Program Files/Unity/Hub/Editor/2020.3.19f1/Editor/Data/MonoBleedingEdge/etc'
Using monoOptions --debugger-agent=transport=dt_socket,embedding=1,server=y,suspend=n,address=127.0.0.1:56904
Begin MonoManager ReloadAssembly
Registering precompiled unity dll's ...
Register platform support module: C:/Program Files/Unity/Hub/Editor/2020.3.19f1/Editor/Data/PlaybackEngines/WindowsStandaloneSupport/UnityEditor.WindowsStandalone.Extensions.dll
Registered in 0.001988 seconds.
Native extension for WindowsStandalone target not found
Refreshing native plugins compatible for Editor in 28.36 ms, found 2 plugins.
Preloading 0 native plugins for Editor in 0.00 ms.
Mono: successfully reloaded assembly
- Completed reload, in  1.104 seconds
Domain Reload Profiling:
	ReloadAssembly (1104ms)
		BeginReloadAssembly (57ms)
			ExecutionOrderSort (0ms)
			DisableScriptedObjects (0ms)
			BackupInstance (0ms)
			ReleaseScriptingObjects (0ms)
			CreateAndSetChildDomain (1ms)
		EndReloadAssembly (416ms)
			LoadAssemblies (55ms)
			RebuildTransferFunctionScriptingTraits (0ms)
			SetupTypeCache (156ms)
			ReleaseScriptCaches (0ms)
			RebuildScriptCaches (33ms)
			SetupLoadedEditorAssemblies (156ms)
				LogAssemblyErrors (0ms)
				InitializePlatformSupportModulesInManaged (4ms)
				SetLoadedEditorAssemblies (0ms)
				RefreshPlugins (28ms)
				BeforeProcessingInitializeOnLoad (9ms)
				ProcessInitializeOnLoadAttributes (84ms)
				ProcessInitializeOnLoadMethodAttributes (30ms)
				AfterProcessingInitializeOnLoad (0ms)
				EditorAssembliesLoaded (0ms)
			ExecutionOrderSort2 (0ms)
			AwakeInstancesAfterBackupRestoration (0ms)
Platform modules already initialized, skipping
Registering precompiled user dll's ...
Registered in 0.002025 seconds.
Begin MonoManager ReloadAssembly
Native extension for WindowsStandalone target not found
Refreshing native plugins compatible for Editor in 0.29 ms, found 2 plugins.
Preloading 0 native plugins for Editor in 0.00 ms.
Mono: successfully reloaded assembly
- Completed reload, in  0.992 seconds
Domain Reload Profiling:
	ReloadAssembly (993ms)
		BeginReloadAssembly (148ms)
			ExecutionOrderSort (0ms)
			DisableScriptedObjects (5ms)
			BackupInstance (0ms)
			ReleaseScriptingObjects (0ms)
			CreateAndSetChildDomain (18ms)
		EndReloadAssembly (781ms)
			LoadAssemblies (83ms)
			RebuildTransferFunctionScriptingTraits (0ms)
			SetupTypeCache (269ms)
			ReleaseScriptCaches (0ms)
			RebuildScriptCaches (43ms)
			SetupLoadedEditorAssemblies (293ms)
				LogAssemblyErrors (0ms)
				InitializePlatformSupportModulesInManaged (5ms)
				SetLoadedEditorAssemblies (0ms)
				RefreshPlugins (0ms)
				BeforeProcessingInitializeOnLoad (52ms)
				ProcessInitializeOnLoadAttributes (223ms)
				ProcessInitializeOnLoadMethodAttributes (4ms)
				AfterProcessingInitializeOnLoad (6ms)
				EditorAssembliesLoaded (0ms)
			ExecutionOrderSort2 (0ms)
			AwakeInstancesAfterBackupRestoration (7ms)
Platform modules already initialized, skipping
========================================================================
Worker process is ready to serve import requests
Launched and connected shader compiler UnityShaderCompiler.exe after 0.05 seconds
Refreshing native plugins compatible for Editor in 0.33 ms, found 2 plugins.
Preloading 0 native plugins for Editor in 0.00 ms.
Unloading 1397 Unused Serialized files (Serialized files now loaded: 0)
System memory in use before: 64.8 MB.
System memory in use after: 64.9 MB.

Unloading 16 unused Assets to reduce memory usage. Loaded Objects now: 1832.
Total: 3.257500 ms (FindLiveObjects: 0.144100 ms CreateObjectMapping: 0.048200 ms MarkObjects: 2.988600 ms  DeleteObjects: 0.074900 ms)

AssetImportParameters requested are different than current active one (requested -> active):
  custom:framework-win-MediaFoundation: 216162199b28c13a410421893ffa2e32 -> 
  custom:video-decoder-ogg-theora: a1e56fd34408186e4bbccfd4996cb3dc -> 
  custom:container-muxer-webm: aa71ff27fc2769a1b78a27578f13a17b -> 
  custom:container-demuxer-webm: 4f35f7cbe854078d1ac9338744f61a02 -> 
  custom:container-demuxer-ogg: 62fdf1f143b41e24485cea50d1cbac27 -> 
  custom:video-encoder-webm-vp8: eb34c28f22e8b96e1ab97ce403110664 -> 
  custom:video-decoder-webm-vp8: 9c59270c3fd7afecdb556c50c9e8de78 -> 
  custom:audio-decoder-ogg-vorbis: bf7c407c2cedff20999df2af8eb42d56 -> 
  custom:audio-encoder-webm-vorbis: bf7c407c2cedff20999df2af8eb42d56 -> 
========================================================================
Received Import Request.
  path: Assets/Scenes
  artifactKey: Guid(e9da4228a2b91a54c83bb25c3fb1fa36) Importer(815301076,1909f56bfc062723c751e8b465ee728b)
Start importing Assets/Scenes using Guid(e9da4228a2b91a54c83bb25c3fb1fa36) Importer(815301076,1909f56bfc062723c751e8b465ee728b)  -> (artifact id: '2d56dae766235561d8cc9b4c24fc885f') in 0.003488 seconds 
  Import took 0.005731 seconds .

========================================================================
Received Prepare
Refreshing native plugins compatible for Editor in 1.71 ms, found 2 plugins.
Preloading 0 native plugins for Editor in 0.00 ms.
Unloading 9 Unused Serialized files (Serialized files now loaded: 0)
System memory in use before: 37.1 MB.
System memory in use after: 37.3 MB.

Unloading 9 unused Assets to reduce memory usage. Loaded Objects now: 1832.
Total: 2.609900 ms (FindLiveObjects: 0.122600 ms CreateObjectMapping: 0.041000 ms MarkObjects: 2.434000 ms  DeleteObjects: 0.011200 ms)

AssetImportParameters requested are different than current active one (requested -> active):
  custom:framework-win-MediaFoundation: 216162199b28c13a410421893ffa2e32 -> 
  custom:video-decoder-ogg-theora: a1e56fd34408186e4bbccfd4996cb3dc -> 
  custom:container-muxer-webm: aa71ff27fc2769a1b78a27578f13a17b -> 
  custom:container-demuxer-webm: 4f35f7cbe854078d1ac9338744f61a02 -> 
  custom:container-demuxer-ogg: 62fdf1f143b41e24485cea50d1cbac27 -> 
  custom:video-encoder-webm-vp8: eb34c28f22e8b96e1ab97ce403110664 -> 
  custom:video-decoder-webm-vp8: 9c59270c3fd7afecdb556c50c9e8de78 -> 
  custom:audio-decoder-ogg-vorbis: bf7c407c2cedff20999df2af8eb42d56 -> 
  custom:audio-encoder-webm-vorbis: bf7c407c2cedff20999df2af8eb42d56 -> 
========================================================================
Received Import Request.
  Time since last request: 19.665833 seconds.
  path: Assets/Scenes/Ejercicio 01.unity
  artifactKey: Guid(7512c15964dc3024b817bcd6b8beba52) Importer(815301076,1909f56bfc062723c751e8b465ee728b)
Start importing Assets/Scenes/Ejercicio 01.unity using Guid(7512c15964dc3024b817bcd6b8beba52) Importer(815301076,1909f56bfc062723c751e8b465ee728b)  -> (artifact id: 'c6a5ae32168029d1e92aab3af7bede79') in 0.007928 seconds 
  Import took 0.009956 seconds .

========================================================================
Received Import Request.
  Time since last request: 650.564582 seconds.
  path: Assets
  artifactKey: Guid(00000000000000001000000000000000) Importer(815301076,1909f56bfc062723c751e8b465ee728b)
Start importing Assets using Guid(00000000000000001000000000000000) Importer(815301076,1909f56bfc062723c751e8b465ee728b)  -> (artifact id: '42d402b061de3733987d63b9cc3b64de') in 0.001345 seconds 
  Import took 0.004298 seconds .

========================================================================
Received Import Request.
  Time since last request: 41.403261 seconds.
  path: Assets/Metrials
  artifactKey: Guid(6cbfbf09131dbd44baf35c130b98d9b2) Importer(815301076,1909f56bfc062723c751e8b465ee728b)
Start importing Assets/Metrials using Guid(6cbfbf09131dbd44baf35c130b98d9b2) Importer(815301076,1909f56bfc062723c751e8b465ee728b)  -> (artifact id: '6672d870abbeffff386dc9b006055939') in 0.001345 seconds 
  Import took 0.003909 seconds .

========================================================================
Received Import Request.
  Time since last request: 30.840060 seconds.
  path: Assets/Metrials/Green.mat
  artifactKey: Guid(0c9c81e1feeaabd48bc4dd6eb31b19cf) Importer(815301076,1909f56bfc062723c751e8b465ee728b)
Start importing Assets/Metrials/Green.mat using Guid(0c9c81e1feeaabd48bc4dd6eb31b19cf) Importer(815301076,1909f56bfc062723c751e8b465ee728b)  -> (artifact id: 'db42fd4cd859fd267f219e04b79bb191') in 0.092284 seconds 
  Import took 0.094775 seconds .

========================================================================
Received Import Request.
  Time since last request: 385.609029 seconds.
  path: Assets/New Folder
  artifactKey: Guid(067eda6d33178d54bab012f31c11cf39) Importer(815301076,1909f56bfc062723c751e8b465ee728b)
Start importing Assets/New Folder using Guid(067eda6d33178d54bab012f31c11cf39) Importer(815301076,1909f56bfc062723c751e8b465ee728b)  -> (artifact id: '6b54c151c7aacfb41d11d8a05f8d9a5a') in 0.001146 seconds 
  Import took 0.003878 seconds .

========================================================================
Received Import Request.
  Time since last request: 14.078166 seconds.
  path: Assets/Textures
  artifactKey: Guid(067eda6d33178d54bab012f31c11cf39) Importer(815301076,1909f56bfc062723c751e8b465ee728b)
Start importing Assets/Textures using Guid(067eda6d33178d54bab012f31c11cf39) Importer(815301076,1909f56bfc062723c751e8b465ee728b)  -> (artifact id: 'f940ebbd3e85ab1aa860f2562782f333') in 0.000905 seconds 
  Import took 0.003768 seconds .

========================================================================
Received Import Request.
  Time since last request: 46.870391 seconds.
  path: Assets/Textures/seamless-texture-circuit-board-17920979.jpg
  artifactKey: Guid(13ae8e5ab94a08144b715e33ebecdb4a) Importer(815301076,1909f56bfc062723c751e8b465ee728b)
Start importing Assets/Textures/seamless-texture-circuit-board-17920979.jpg using Guid(13ae8e5ab94a08144b715e33ebecdb4a) Importer(815301076,1909f56bfc062723c751e8b465ee728b)  -> (artifact id: '8e1eacf470713e14a074223ef449df48') in 0.032149 seconds 
  Import took 0.035021 seconds .

========================================================================
Received Import Request.
  Time since last request: 181.702227 seconds.
  path: Assets/Metrials/Black.mat
  artifactKey: Guid(cd9af2bc6dc353442a884da17eed4ffa) Importer(815301076,1909f56bfc062723c751e8b465ee728b)
Start importing Assets/Metrials/Black.mat using Guid(cd9af2bc6dc353442a884da17eed4ffa) Importer(815301076,1909f56bfc062723c751e8b465ee728b)  -> (artifact id: '93eaf601f022dd656e02f6c205e79263') in 0.010719 seconds 
  Import took 0.013832 seconds .

========================================================================
Received Import Request.
  Time since last request: 38.391607 seconds.
  path: Assets/Metrials/Blue.mat
  artifactKey: Guid(dab0978e90d09de4f979331066cd4b7b) Importer(815301076,1909f56bfc062723c751e8b465ee728b)
Start importing Assets/Metrials/Blue.mat using Guid(dab0978e90d09de4f979331066cd4b7b) Importer(815301076,1909f56bfc062723c751e8b465ee728b)  -> (artifact id: '7fe251b919b8ac6b6b8ea26cf771915d') in 0.007050 seconds 
  Import took 0.009546 seconds .

========================================================================
Received Import Request.
  Time since last request: 80.775282 seconds.
  path: Assets/Textures/fa24ad11ac21aea11c77e5ba197cfa2a.jpg
  artifactKey: Guid(a6d4f2c1547a91941b00a12224ed1b74) Importer(815301076,1909f56bfc062723c751e8b465ee728b)
Start importing Assets/Textures/fa24ad11ac21aea11c77e5ba197cfa2a.jpg using Guid(a6d4f2c1547a91941b00a12224ed1b74) Importer(815301076,1909f56bfc062723c751e8b465ee728b)  -> (artifact id: '8379ac16d1746ded5eef3381752f69f4') in 0.010750 seconds 
  Import took 0.013226 seconds .

========================================================================
Received Import Request.
  Time since last request: 232.411846 seconds.
  path: Assets/Textures/seamless-texture-circuit-board-17920979_metalic.jpg
  artifactKey: Guid(2832e55efe3dd674299a79d7c7ff819e) Importer(815301076,1909f56bfc062723c751e8b465ee728b)
Start importing Assets/Textures/seamless-texture-circuit-board-17920979_metalic.jpg using Guid(2832e55efe3dd674299a79d7c7ff819e) Importer(815301076,1909f56bfc062723c751e8b465ee728b)  -> (artifact id: 'b382f85a417dd4510c9463034a2a4126') in 0.012261 seconds 
  Import took 0.015110 seconds .

AssetImportWorkerClient::OnTransportError - code=2 error=End of file
