Using pre-set license
Built from '2020.3/staging' branch; Version is '2020.3.19f1 (68f137dc9bbe) revision 6877495'; Using compiler version '192528614'; Build Type 'Release'
OS: 'Windows 10 Pro; OS build 19043.1237; Version 2009; 64bit' Language: 'es' Physical Memory: 16342 MB
BatchMode: 1, IsHumanControllingUs: 0, StartBugReporterOnCrash: 0, Is64bit: 1, IsPro: 0

COMMAND LINE ARGUMENTS:
C:\Program Files\Unity\Hub\Editor\2020.3.19f1\Editor\Unity.exe
-adb2
-batchMode
-noUpm
-name
AssetImportWorker0
-projectPath
D:/Silvana_Alberdi_Frutos/SilvanaAlberdiFrutos_Tema01/Mi Primer Proyecto
-logFile
Logs/AssetImportWorker0.log
-srvPort
54891
Successfully changed project path to: D:/Silvana_Alberdi_Frutos/SilvanaAlberdiFrutos_Tema01/Mi Primer Proyecto
D:/Silvana_Alberdi_Frutos/SilvanaAlberdiFrutos_Tema01/Mi Primer Proyecto
Using Asset Import Pipeline V2.
Refreshing native plugins compatible for Editor in 31.80 ms, found 2 plugins.
Preloading 0 native plugins for Editor in 0.00 ms.
Initialize engine version: 2020.3.19f1 (68f137dc9bbe)
[Subsystems] Discovering subsystems at path C:/Program Files/Unity/Hub/Editor/2020.3.19f1/Editor/Data/Resources/UnitySubsystems
[Subsystems] Discovering subsystems at path D:/Silvana_Alberdi_Frutos/SilvanaAlberdiFrutos_Tema01/Mi Primer Proyecto/Assets
GfxDevice: creating device client; threaded=0
Direct3D:
    Version:  Direct3D 11.0 [level 11.1]
    Renderer: NVIDIA GeForce GTX 1050 Ti (ID=0x1c82)
    Vendor:   
    VRAM:     4018 MB
    Driver:   27.21.14.5671
Initialize mono
Mono path[0] = 'C:/Program Files/Unity/Hub/Editor/2020.3.19f1/Editor/Data/Managed'
Mono path[1] = 'C:/Program Files/Unity/Hub/Editor/2020.3.19f1/Editor/Data/MonoBleedingEdge/lib/mono/unityjit'
Mono config path = 'C:/Program Files/Unity/Hub/Editor/2020.3.19f1/Editor/Data/MonoBleedingEdge/etc'
Using monoOptions --debugger-agent=transport=dt_socket,embedding=1,server=y,suspend=n,address=127.0.0.1:56828
Begin MonoManager ReloadAssembly
Registering precompiled unity dll's ...
Register platform support module: C:/Program Files/Unity/Hub/Editor/2020.3.19f1/Editor/Data/PlaybackEngines/WindowsStandaloneSupport/UnityEditor.WindowsStandalone.Extensions.dll
Registered in 0.002046 seconds.
Native extension for WindowsStandalone target not found
Refreshing native plugins compatible for Editor in 28.43 ms, found 2 plugins.
Preloading 0 native plugins for Editor in 0.00 ms.
Mono: successfully reloaded assembly
- Completed reload, in  1.114 seconds
Domain Reload Profiling:
	ReloadAssembly (1114ms)
		BeginReloadAssembly (58ms)
			ExecutionOrderSort (0ms)
			DisableScriptedObjects (0ms)
			BackupInstance (0ms)
			ReleaseScriptingObjects (0ms)
			CreateAndSetChildDomain (1ms)
		EndReloadAssembly (423ms)
			LoadAssemblies (56ms)
			RebuildTransferFunctionScriptingTraits (0ms)
			SetupTypeCache (162ms)
			ReleaseScriptCaches (0ms)
			RebuildScriptCaches (32ms)
			SetupLoadedEditorAssemblies (156ms)
				LogAssemblyErrors (0ms)
				InitializePlatformSupportModulesInManaged (4ms)
				SetLoadedEditorAssemblies (0ms)
				RefreshPlugins (29ms)
				BeforeProcessingInitializeOnLoad (8ms)
				ProcessInitializeOnLoadAttributes (84ms)
				ProcessInitializeOnLoadMethodAttributes (30ms)
				AfterProcessingInitializeOnLoad (0ms)
				EditorAssembliesLoaded (0ms)
			ExecutionOrderSort2 (0ms)
			AwakeInstancesAfterBackupRestoration (0ms)
Platform modules already initialized, skipping
Registering precompiled user dll's ...
Registered in 0.001822 seconds.
Begin MonoManager ReloadAssembly
Native extension for WindowsStandalone target not found
Refreshing native plugins compatible for Editor in 0.29 ms, found 2 plugins.
Preloading 0 native plugins for Editor in 0.00 ms.
Mono: successfully reloaded assembly
- Completed reload, in  1.007 seconds
Domain Reload Profiling:
	ReloadAssembly (1008ms)
		BeginReloadAssembly (149ms)
			ExecutionOrderSort (0ms)
			DisableScriptedObjects (5ms)
			BackupInstance (0ms)
			ReleaseScriptingObjects (0ms)
			CreateAndSetChildDomain (18ms)
		EndReloadAssembly (794ms)
			LoadAssemblies (84ms)
			RebuildTransferFunctionScriptingTraits (0ms)
			SetupTypeCache (278ms)
			ReleaseScriptCaches (0ms)
			RebuildScriptCaches (42ms)
			SetupLoadedEditorAssemblies (295ms)
				LogAssemblyErrors (0ms)
				InitializePlatformSupportModulesInManaged (5ms)
				SetLoadedEditorAssemblies (0ms)
				RefreshPlugins (0ms)
				BeforeProcessingInitializeOnLoad (53ms)
				ProcessInitializeOnLoadAttributes (225ms)
				ProcessInitializeOnLoadMethodAttributes (5ms)
				AfterProcessingInitializeOnLoad (6ms)
				EditorAssembliesLoaded (0ms)
			ExecutionOrderSort2 (0ms)
			AwakeInstancesAfterBackupRestoration (7ms)
Platform modules already initialized, skipping
========================================================================
Worker process is ready to serve import requests
Launched and connected shader compiler UnityShaderCompiler.exe after 0.04 seconds
Refreshing native plugins compatible for Editor in 0.31 ms, found 2 plugins.
Preloading 0 native plugins for Editor in 0.00 ms.
Unloading 1397 Unused Serialized files (Serialized files now loaded: 0)
System memory in use before: 64.9 MB.
System memory in use after: 65.0 MB.

Unloading 16 unused Assets to reduce memory usage. Loaded Objects now: 1832.
Total: 2.743300 ms (FindLiveObjects: 0.169900 ms CreateObjectMapping: 0.047600 ms MarkObjects: 2.427000 ms  DeleteObjects: 0.097700 ms)

AssetImportParameters requested are different than current active one (requested -> active):
  custom:framework-win-MediaFoundation: 216162199b28c13a410421893ffa2e32 -> 
  custom:video-decoder-ogg-theora: a1e56fd34408186e4bbccfd4996cb3dc -> 
  custom:container-muxer-webm: aa71ff27fc2769a1b78a27578f13a17b -> 
  custom:container-demuxer-webm: 4f35f7cbe854078d1ac9338744f61a02 -> 
  custom:container-demuxer-ogg: 62fdf1f143b41e24485cea50d1cbac27 -> 
  custom:video-encoder-webm-vp8: eb34c28f22e8b96e1ab97ce403110664 -> 
  custom:video-decoder-webm-vp8: 9c59270c3fd7afecdb556c50c9e8de78 -> 
  custom:audio-decoder-ogg-vorbis: bf7c407c2cedff20999df2af8eb42d56 -> 
  custom:audio-encoder-webm-vorbis: bf7c407c2cedff20999df2af8eb42d56 -> 
========================================================================
Received Import Request.
  path: Assets/Metrials/Green.mat
  artifactKey: Guid(0c9c81e1feeaabd48bc4dd6eb31b19cf) Importer(815301076,1909f56bfc062723c751e8b465ee728b)
Start importing Assets/Metrials/Green.mat using Guid(0c9c81e1feeaabd48bc4dd6eb31b19cf) Importer(815301076,1909f56bfc062723c751e8b465ee728b)  -> (artifact id: '22b613f3096d2c28c90a39c4e016ff58') in 0.115636 seconds 
  Import took 0.126968 seconds .

========================================================================
Received Import Request.
  Time since last request: 0.000263 seconds.
  path: Assets/Metrials/Black.mat
  artifactKey: Guid(cd9af2bc6dc353442a884da17eed4ffa) Importer(815301076,1909f56bfc062723c751e8b465ee728b)
Start importing Assets/Metrials/Black.mat using Guid(cd9af2bc6dc353442a884da17eed4ffa) Importer(815301076,1909f56bfc062723c751e8b465ee728b)  -> (artifact id: '95f040ef3879d8a21b5eafe354223a46') in 0.009051 seconds 
  Import took 0.011848 seconds .

========================================================================
Received Import Request.
  Time since last request: 0.000265 seconds.
  path: Assets/Metrials/Blue.mat
  artifactKey: Guid(dab0978e90d09de4f979331066cd4b7b) Importer(815301076,1909f56bfc062723c751e8b465ee728b)
Start importing Assets/Metrials/Blue.mat using Guid(dab0978e90d09de4f979331066cd4b7b) Importer(815301076,1909f56bfc062723c751e8b465ee728b)  -> (artifact id: '5cb12a8098e28e697f866b68f8936d8b') in 0.008661 seconds 
  Import took 0.012469 seconds .

========================================================================
Received Import Request.
  Time since last request: 1746.069773 seconds.
  path: Assets/Tema_01.unity
  artifactKey: Guid(dd5016b7a520a1b479cbe73962e33378) Importer(815301076,1909f56bfc062723c751e8b465ee728b)
Start importing Assets/Tema_01.unity using Guid(dd5016b7a520a1b479cbe73962e33378) Importer(815301076,1909f56bfc062723c751e8b465ee728b)  -> (artifact id: 'd3fffab8427b275cdd6270ee12b741a1') in 0.001792 seconds 
  Import took 0.028869 seconds .

========================================================================
Received Import Request.
  Time since last request: 1540.418301 seconds.
  path: Assets/Metrials/Blue.mat
  artifactKey: Guid(dab0978e90d09de4f979331066cd4b7b) Importer(815301076,1909f56bfc062723c751e8b465ee728b)
Start importing Assets/Metrials/Blue.mat using Guid(dab0978e90d09de4f979331066cd4b7b) Importer(815301076,1909f56bfc062723c751e8b465ee728b)  -> (artifact id: 'f23e548311e318d6d548e01e3579d56e') in 0.043824 seconds 
  Import took 0.046775 seconds .

AssetImportWorkerClient::OnTransportError - code=2 error=End of file
